> AI: BeamSearchAI (  2手読み)
  1. BR (5, 1) [ 103 ms]       0 (+     0) | > eval score
 80642
 (5, 1)
  2. RR (6, 2) [  82 ms]       0 (+     0) | > eval score
  2363
 (6, 2)
  3. YG (1, 0) [  70 ms]       0 (+     0) | > eval score
  9811
 (1, 0)
  4. RB (3, 1) [  89 ms]       0 (+     0) | > eval score
 66284
 (3, 1)
  5. YB (6, 3) [  91 ms]       0 (+     0) | > eval score
 56393
 (6, 3)
  6. BR (1, 1) [  88 ms]       0 (+     0) | > eval score
 10600
 (1, 1)
  7. YB (1, 2) [  81 ms]       0 (+     0) | > eval score
 64157
 (1, 2)
  8. RY (4, 1) [  81 ms]       0 (+     0) | > eval score
 78007
 (4, 1)
  9. RR (2, 3) [  67 ms]       0 (+     0) | > eval score
 55715
 (2, 3)
 10. GY (6, 3) [  81 ms]       0 (+     0) | > eval score
 60796
 (6, 3)
 11. YB (3, 3) [  73 ms]       0 (+     0) | > eval score
 81859
 (3, 3)
 12. GB (6, 3) [  45 ms]       0 (+     0) | > eval score
 69698
 (6, 3)
 13. YY (6, 2) [  62 ms]       0 (+     0) | > eval score
 58375
 (6, 2)
 14. RG (4, 1) [  70 ms]       0 (+     0) | > eval score
 60780
 (4, 1)
 15. YB (3, 0) [  84 ms]       0 (+     0) | > eval score
 107169
 (3, 0)
 16. RY (2, 1) [  64 ms]       0 (+     0) | > eval score
 123923
 (2, 1)
 17. BB (3, 3) [  51 ms]       0 (+     0) | > eval score
 95308
 (3, 3)
 18. RY (1, 1) [  78 ms]       0 (+     0) | > eval score
 121869
 (1, 1)
 19. GY (6, 3) [  83 ms]       0 (+     0) | > eval score
 124739
 (6, 3)
 20. YG (6, 2) [  69 ms]       0 (+     0) | > eval score
 169048
 (6, 2)
 21. GR (3, 3) [  53 ms]       0 (+     0) | > eval score
 143039
 (3, 3)
 22. BB (3, 1) [  48 ms]       0 (+     0) | > eval score
 136997
 (3, 1)
 23. GG (2, 3) [  78 ms]       0 (+     0) | > eval score
 143248
 (2, 3)
 24. GR (4, 0) [  65 ms]       0 (+     0) | > eval score
 170067
 (4, 0)
 25. RY (5, 0) [  63 ms]       0 (+     0) | > eval score
 157037
 (5, 0)
 26. GY (1, 1) [  53 ms]       0 (+     0) | > eval score
 158016
 (1, 1)
 27. YR (6, 2) [  45 ms]       0 (+     0) | > eval score
 186150
 (6, 2)
 28. BR (3, 1) [  26 ms]       0 (+     0) | > eval score
 174621
 (3, 1)
 29. BY (1, 2) [  29 ms]       0 (+     0) | > eval score
 187423
 (1, 2)
 30. RR (5, 2) [  28 ms]       0 (+     0) | > eval score
 189800
 (5, 2)
 31. GG (3, 1) [  62 ms]       0 (+     0) | > eval score
 97410
 (3, 1)
 32. GG (3, 1) [   4 ms]       0 (+     0) | > fire score
 77120
 (3, 1)
   58 F -> 1084 F
 33. RG (4, 2) [   9 ms]   77120 (+ 77120) | > fire score
 77120
 (4, 2)
    0 F -> 1026 F
 34. GG (6, 2) [  60 ms]   77120 (+     0) | > eval score
 54216
 (6, 2)
 35. BR (2, 1) [ 102 ms]   77120 (+     0) | > eval score
 53699
 (2, 1)
 36. BR (2, 1) [  72 ms]   77120 (+     0) | > eval score
 57688
 (2, 1)
 37. GB (6, 3) [  96 ms]   77120 (+     0) | > eval score
 50945
 (6, 3)
 38. BB (5, 1) [  88 ms]   77120 (+     0) | > eval score
 59546
 (5, 1)
 39. RB (4, 0) [  88 ms]   77120 (+     0) | > eval score
 10903
 (4, 0)
 40. YG (1, 0) [  86 ms]   77120 (+     0) | > eval score
 65844
 (1, 0)
 41. GG (1, 2) [  86 ms]   77120 (+     0) | > eval score
 79639
 (1, 2)
 42. YG (3, 3) [  64 ms]   77120 (+     0) | > eval score
 79145
 (3, 3)
 43. GR (6, 3) [  69 ms]   77120 (+     0) | > eval score
 81398
 (6, 3)
 44. RY (1, 2) [  75 ms]   77120 (+     0) | > eval score
 126526
 (1, 2)
 45. BB (5, 1) [  66 ms]   77120 (+     0) | > eval score
 93867
 (5, 1)
 46. BY (5, 3) [  51 ms]   77120 (+     0) | > eval score
 122533
 (5, 3)
 47. GB (6, 0) [  68 ms]   77120 (+     0) | > eval score
 118280
 (6, 0)
 48. BY (2, 0) [  58 ms]   77120 (+     0) | > eval score
 108637
 (2, 0)
 49. RB (5, 0) [  59 ms]   77120 (+     0) | > eval score
 142354
 (5, 0)
 50. BY (2, 2) [  65 ms]   77120 (+     0) | > eval score
 156568
 (2, 2)
 51. GB (4, 1) [  46 ms]   77120 (+     0) | > eval score
 127759
 (4, 1)
 52. YR (4, 0) [  46 ms]   77120 (+     0) | > eval score
 139712
 (4, 0)
 53. GR (3, 0) [  68 ms]   77120 (+     0) | > eval score
 153354
 (3, 0)
 54. BR (1, 2) [  39 ms]   77120 (+     0) | > eval score
 157284
 (1, 2)
 55. YY (2, 2) [  60 ms]   77120 (+     0) | > eval score
 12695
 (2, 2)
 56. GY (3, 2) [  44 ms]   77120 (+     0) | > eval score
 166412
 (3, 2)
 57. GY (3, 3) [  53 ms]   77120 (+     0) | > eval score
 157916
 (3, 3)
 58. YY (2, 3) [  43 ms]   77220 (+   100) | > eval score
 20013
 (2, 3)
 59. YR (1, 1) [  76 ms]   77220 (+     0) | > eval score
 167790
 (1, 1)
 60. YB (2, 0) [  53 ms]   77220 (+     0) | > eval score
 144005
 (2, 0)
 61. BR (3, 1) [  57 ms]   77220 (+     0) | > eval score
 173960
 (3, 1)
 62. YY (2, 3) [  12 ms]   77220 (+     0) | > fire score
 77820
 (2, 3)
   51 F -> 1186 F
 63. YR (5, 2) [   9 ms]   77220 (+     0) | > fire score
 78560
 (5, 2)
   36 F -> 1172 F
 64. RR (5, 1) [   8 ms]   77220 (+     0) | > fire score
 82260
 (5, 1)
   53 F -> 1171 F
 65. GR (4, 2) [  22 ms]  159480 (+ 82260) | > fire score
 82260
 (4, 2)
    0 F -> 1118 F
 66. YR (3, 1) [ 109 ms]  159480 (+     0) | > eval score
  4302
 (3, 1)
 67. RG (6, 0) [  90 ms]  159480 (+     0) | > eval score
  5708
 (6, 0)
 68. GY (6, 3) [  65 ms]  159480 (+     0) | > eval score
  8359
 (6, 3)
 69. BY (1, 2) [  52 ms]  159480 (+     0) | > eval score
  9955
 (1, 2)
 70. RG (6, 2) [  91 ms]  159480 (+     0) | > eval score
  7476
 (6, 2)
 71. GG (1, 2) [  63 ms]  159480 (+     0) | > eval score
 55761
 (1, 2)
 72. RB (1, 1) [  56 ms]  159480 (+     0) | > eval score
 55411
 (1, 1)
 73. GG (2, 3) [  65 ms]  159480 (+     0) | > eval score
 54682
 (2, 3)
 74. YB (4, 3) [  65 ms]  159480 (+     0) | > eval score
 92695
 (4, 3)
 75. GR (6, 3) [  69 ms]  159480 (+     0) | > eval score
 87371
 (6, 3)
 76. RG (5, 1) [  74 ms]  159480 (+     0) | > eval score
 70696
 (5, 1)
 77. GB (1, 1) [  55 ms]  159480 (+     0) | > eval score
 70894
 (1, 1)
 78. RY (2, 1) [  71 ms]  159480 (+     0) | > eval score
 83388
 (2, 1)
 79. YG (5, 0) [  49 ms]  159480 (+     0) | > eval score
 79882
 (5, 0)
 80. RR (2, 3) [  65 ms]  159480 (+     0) | > eval score
 96726
 (2, 3)
 81. BY (4, 3) [  74 ms]  159480 (+     0) | > eval score
 120542
 (4, 3)
 82. GB (1, 0) [  73 ms]  159480 (+     0) | > eval score
 108502
 (1, 0)
 83. BB (4, 1) [  65 ms]  159480 (+     0) | > eval score
 141879
 (4, 1)
 84. YB (4, 3) [  50 ms]  159480 (+     0) | > eval score
 125846
 (4, 3)
 85. GY (2, 1) [  51 ms]  159480 (+     0) | > eval score
 125088
 (2, 1)
 86. YR (5, 3) [  72 ms]  159480 (+     0) | > eval score
 125117
 (5, 3)
 87. YB (6, 0) [  60 ms]  159480 (+     0) | > eval score
 168400
 (6, 0)
 88. GR (3, 2) [  34 ms]  159480 (+     0) | > eval score
 125295
 (3, 2)
 89. YB (1, 1) [  53 ms]  159480 (+     0) | > eval score
 142381
 (1, 1)
 90. BR (6, 3) [  66 ms]  159480 (+     0) | > eval score
 158361
 (6, 3)
 91. BB (2, 2) [  39 ms]  159520 (+    40) | > eval score
 168982
 (2, 2)
 92. YY (2, 2) [  64 ms]  159520 (+     0) | > eval score
 156947
 (2, 2)
 93. YG (2, 2) [  35 ms]  159520 (+     0) | > eval score
 155753
 (2, 2)
 94. YB (1, 2) [  32 ms]  159520 (+     0) | > eval score
 173005
 (1, 2)
 95. BR (5, 1) [  66 ms]  159520 (+     0) | > eval score
 169632
 (5, 1)
 96. BR (5, 1) [  37 ms]  159560 (+    40) | > eval score
 157244
 (5, 1)
 97. BR (6, 3) [  63 ms]  159600 (+    40) | > eval score
 13930
 (6, 3)
 98. RG (5, 3) [  50 ms]  159600 (+     0) | > eval score
 171011
 (5, 3)
 99. GG (3, 3) [  22 ms]  159600 (+     0) | > eval score
 182085
 (3, 3)
100. RR (4, 1) [  58 ms]  159600 (+     0) | > eval score
 167708
 (4, 1)
http://www.puyop.com/s/_aG0Qg82qhSaahc3y0m8Shu7SiQ1yho3icu3a8SgQ5ucq6m5w3E8afQaqdc0I6q6q1A6Qaiai7ScG2wg86cgu5S3ccGdK7Mdg2Edk7yfw5oacik8s8uimfahgaqimfI0G5Afq1M8Sdc1Q6c2a6mhC5S1G7a3igE0mdC78cyhC8ifKhM5shaaSckikgkhcaGaGaS1K6u0y