2P won!   0 vs   1 (  1240 -  71930)
2P won!   0 vs   2 (   840 -  81060)
1P won!   1 vs   2 (102020 -  78580)
2P won!   1 vs   3 (  1980 -   2600)
2P won!   1 vs   4 (    40 -   3340)
1P won!   2 vs   4 ( 73860 -  72600)
2P won!   2 vs   5 ( 74320 -  77000)
1P won!   3 vs   5 ( 82300 -  78630)
1P won!   4 vs   5 (  1880 -    440)
1P won!   5 vs   5 ( 87420 -  74880)
1P won!   6 vs   5 ( 80780 -  70870)
1P won!   7 vs   5 ( 89020 -  75120)
1P won!   8 vs   5 ( 82400 -  77110)
2P won!   8 vs   6 ( 70210 -  82160)
1P won!   9 vs   6 (    80 -     40)
2P won!   9 vs   7 (   120 -    480)
2P won!   9 vs   8 ( 80460 -  83280)
1P won!  10 vs   8 ( 81300 -   2600)
Result:  10 vs   8
Generating JSON file...