2P won!   0 vs   1 (165710 - 231200)
1P won!   1 vs   1 ( 83110 -   2380)
2P won!   1 vs   2 (   820 -  71980)
1P won!   2 vs   2 (162870 -  79200)
2P won!   2 vs   3 (  1120 -  75200)
2P won!   2 vs   4 (   120 - 106340)
2P won!   2 vs   5 (   640 -  64120)
1P won!   3 vs   5 ( 92860 -  77760)
1P won!   4 vs   5 ( 96430 -  79740)
1P won!   5 vs   5 (157310 -  76910)
2P won!   5 vs   6 ( 75880 -  84330)
1P won!   6 vs   6 (  1080 -    240)
1P won!   7 vs   6 ( 75580 -  70610)
2P won!   7 vs   7 ( 76840 -  81810)
1P won!   8 vs   7 ( 77460 -   3620)
1P won!   9 vs   7 (159130 - 152140)
1P won!  10 vs   7 ( 76600 -  71620)
2P won!  10 vs   8 ( 70940 -  79660)
1P won!  11 vs   8 ( 87000 -   1060)
2P won!  11 vs   9 (   700 -  72870)
2P won!  11 vs  10 (  7960 -  87590)
1P won!  12 vs  10 ( 86820 -  72120)
1P won!  13 vs  10 ( 89320 -   1740)
2P won!  13 vs  11 ( 74560 -  80140)
2P won!  13 vs  12 ( 79490 -  96500)
1P won!  14 vs  12 (155900 -  83620)
2P won!  14 vs  13 (  1520 -  97980)
2P won!  14 vs  14 (   260 -  70440)
2P won!  14 vs  15 (   740 -  73980)
2P won!  14 vs  16 ( 82940 -  94880)
1P won!  15 vs  16 (100640 -  77340)
1P won!  16 vs  16 ( 77640 -   1280)
2P won!  16 vs  17 ( 82600 -  82760)
1P won!  17 vs  17 ( 85330 -  81430)
1P won!  18 vs  17 ( 80620 -  73880)
2P won!  18 vs  18 ( 75540 - 147800)
2P won!  18 vs  19 (  1240 -  72360)
1P won!  19 vs  19 ( 83050 -   2860)
1P won!  20 vs  19 ( 81820 -  72540)
2P won!  20 vs  20 (  5630 - 107040)
1P won!  21 vs  20 ( 82280 -  78950)
2P won!  21 vs  21 ( 80180 -  85530)
1P won!  22 vs  21 ( 76050 -   1040)
2P won!  22 vs  22 ( 80820 -  95840)
1P won!  23 vs  22 ( 99260 -  81000)
1P won!  24 vs  22 ( 98450 -  72280)
2P won!  24 vs  23 ( 72500 -  91620)
1P won!  25 vs  23 ( 89440 -   3080)
1P won!  26 vs  23 ( 77030 -  77520)
2P won!  26 vs  24 (   940 -  70500)
2P won!  26 vs  25 ( 81300 -  88920)
2P won!  26 vs  26 ( 97920 - 177320)
1P won!  27 vs  26 ( 85330 -  82530)
1P won!  28 vs  26 ( 81620 -   3280)
1P won!  29 vs  26 ( 82380 -    620)
2P won!  29 vs  27 (   820 -  70800)
2P won!  29 vs  28 ( 91120 -  97480)
1P won!  30 vs  28 ( 79700 -  80950)
Result:  30 vs  28
Generating JSON file...